
Showing logs for build [32mcb-kubecd-environment-pr-192-89-xqswq-1[0m stage [32mfrom-build-pack[0m and container [32mstep-credential-initializer-hcb55[0m
{"level":"warn","ts":1585824126.3793464,"logger":"fallback-logger","caller":"logging/config.go:69","msg":"Fetch GitHub commit ID from kodata failed: \"ref: refs/heads/0.8.0-**-support-backwards-incompats\" is not a valid GitHub commit ID"}
{"level":"info","ts":1585824126.380074,"logger":"fallback-logger","caller":"creds-init/main.go:40","msg":"Credentials initialized."}

Showing logs for build [32mcb-kubecd-environment-pr-192-89-xqswq-1[0m stage [32mfrom-build-pack[0m and container [32mstep-working-dir-initializer-5j7kf[0m
{"level":"warn","ts":1585824127.81368,"logger":"fallback-logger","caller":"logging/config.go:69","msg":"Fetch GitHub commit ID from kodata failed: open /var/run/ko/HEAD: no such file or directory"}
{"level":"info","ts":1585824127.815083,"logger":"fallback-logger","caller":"bash/main.go:64","msg":"Successfully executed command \"sh -c mkdir -p /workspace/source\"; output "}

Showing logs for build [32mcb-kubecd-environment-pr-192-89-xqswq-1[0m stage [32mfrom-build-pack[0m and container [32mstep-place-tools[0m

Showing logs for build [32mcb-kubecd-environment-pr-192-89-xqswq-1[0m stage [32mfrom-build-pack[0m and container [32mstep-git-source-cb-kubecd-environment-pr-192-89-xqswq-c57jb[0m
{"level":"warn","ts":1585824131.9200382,"logger":"fallback-logger","caller":"logging/config.go:69","msg":"Fetch GitHub commit ID from kodata failed: \"ref: refs/heads/0.8.0-**-support-backwards-incompats\" is not a valid GitHub commit ID"}
{"level":"info","ts":1585824132.9461203,"logger":"fallback-logger","caller":"git/git.go:103","msg":"Successfully cloned https://github.com/cb-kubecd/environment-pr-192-89-boot-gke-production.git @ master in path /workspace/source"}

Showing logs for build [32mcb-kubecd-environment-pr-192-89-xqswq-1[0m stage [32mfrom-build-pack[0m and container [32mstep-git-merge[0m
Using SHAs from PULL_REFS=master:b2888a384724f470d057c47f0dc96ab1881101aa,1:55c725ac5ee9804648d15f9a0e2bf870a76c25de
DEBUG: LC_ALL=C JX_LOG_LEVEL=error git fetch origin --unshallow 55c725ac5ee9804648d15f9a0e2bf870a76c25de: b2888a384724f470d057c47f0dc96ab1881101aa:
DEBUG: ran git fetch --unshallow origin 55c725ac5ee9804648d15f9a0e2bf870a76c25de: b2888a384724f470d057c47f0dc96ab1881101aa: in 
DEBUG: LC_ALL=C JX_LOG_LEVEL=error git branch
DEBUG: LC_ALL=C JX_LOG_LEVEL=error git checkout master
DEBUG: ran git checkout master in 
DEBUG: LC_ALL=C JX_LOG_LEVEL=error git reset --hard b2888a384724f470d057c47f0dc96ab1881101aa
DEBUG: ran git reset --hard b2888a384724f470d057c47f0dc96ab1881101aa in 
DEBUG: LC_ALL=C JX_LOG_LEVEL=error git clean -fd .
DEBUG: ran clean --force -d . in 
DEBUG: JX_LOG_LEVEL=error LC_ALL=C git merge 55c725ac5ee9804648d15f9a0e2bf870a76c25de
DEBUG: ran git merge 55c725ac5ee9804648d15f9a0e2bf870a76c25de in 
DEBUG: LC_ALL=C JX_LOG_LEVEL=error git log --format=%H%x1f%an%x1f%ae%x1f%cn%x1f%ce%x1f%s%n%b%x1e b2888a384724f470d057c47f0dc96ab1881101aa..HEAD
Merged SHA 55c725ac5ee9804648d15f9a0e2bf870a76c25de with commit message 'chore: Promote bdd-spring-1585823334 to version 0.0.1' into base branch master

Showing logs for build [32mcb-kubecd-environment-pr-192-89-xqswq-1[0m stage [32mfrom-build-pack[0m and container [32mstep-build-helm-build[0m
WARNING: No $CHART_REPOSITORY defined so using the default value of: http://jenkins-x-chartmuseum:8080
Adding missing Helm repo: storage.googleapis.com https://storage.googleapis.com/chartmuseum.jenkins-x.io
WARNING: No secrets found on "helm/repos" due: reading the secret "helm/repos" from vault: no secret "helm/repos" not found in vault
Read credentials for https://storage.googleapis.com/chartmuseum.jenkins-x.io from vault helm/repos
Successfully added Helm repository storage.googleapis.com.
Adding missing Helm repo: jenkins-x-chartmuseum http://jenkins-x-chartmuseum:8080
WARNING: No secrets found on "helm/repos" due: reading the secret "helm/repos" from vault: no secret "helm/repos" not found in vault
Read credentials for http://jenkins-x-chartmuseum:8080 from vault helm/repos
Successfully added Helm repository jenkins-x-chartmuseum.
WARNING: No $CHART_REPOSITORY defined so using the default value of: http://jenkins-x-chartmuseum:8080
Adding missing Helm repo: chartmuseum.jenkins-x.io http://chartmuseum.jenkins-x.io
WARNING: No secrets found on "helm/repos" due: reading the secret "helm/repos" from vault: no secret "helm/repos" not found in vault
Read credentials for http://chartmuseum.jenkins-x.io from vault helm/repos
Successfully added Helm repository chartmuseum.jenkins-x.io.
